0 info it worked if it ends with ok
1 verbose cli [ 'C:\\Program Files\\nodejs\\node.exe',
1 verbose cli   'C:\\Program Files\\nodejs\\node_modules\\npm\\bin\\npm-cli.js',
1 verbose cli   'start' ]
2 info using npm@3.10.10
3 info using node@v6.11.1
4 verbose run-script [ 'prestart', 'start', 'poststart' ]
5 info lifecycle leavemanagementsystem@1.0.0~prestart: leavemanagementsystem@1.0.0
6 silly lifecycle leavemanagementsystem@1.0.0~prestart: no script for prestart, continuing
7 info lifecycle leavemanagementsystem@1.0.0~start: leavemanagementsystem@1.0.0
8 verbose lifecycle leavemanagementsystem@1.0.0~start: unsafe-perm in lifecycle true
9 verbose lifecycle leavemanagementsystem@1.0.0~start: PATH: C:\Program Files\nodejs\node_modules\npm\bin\node-gyp-bin;G:\leaveManagementSystem\backend\node_modules\.bin;C:\ProgramData\Oracle\Java\javapath;G:\app\VISHal\product\11.2.0\dbhome_1\bin;C:\Program Files (x86)\Intel\iCLS Client\;C:\Program Files\Intel\iCLS Client\;C:\Windows\system32;C:\Windows;C:\Windows\System32\Wbem;C:\Windows\System32\WindowsPowerShell\v1.0\;C:\Program Files (x86)\Intel\OpenCL SDK\2.0\bin\x86;C:\Program Files (x86)\Intel\OpenCL SDK\2.0\bin\x64;C:\Users\VISHal\AppData\Local\Smartbar\Application\;C:\Users\VISHal\AppData\Local\Smartbar\Application\;C:\Program Files\Microsoft\Web Platform Installer\;C:\Program Files (x86)\Microsoft ASP.NET\ASP.NET Web Pages\v1.0\;C:\Program Files (x86)\Windows Kits\8.0\Windows Performance Toolkit\;C:\Program Files\Microsoft SQL Server\110\Tools\Binn\;C:\Program Files\Microsoft SQL Server\Client SDK\ODBC\110\Tools\Binn\;C:\Program Files (x86)\Microsoft SQL Server\120\Tools\Binn\;C:\Program Files\Microsoft SQL Server\120\Tools\Binn\;C:\Program Files\Microsoft SQL Server\120\DTS\Binn\;C:\Program Files (x86)\Microsoft SQL Server\110\Tools\Binn\;C:\Program Files (x86)\Microsoft SQL Server\110\DTS\Binn\;C:\Program Files (x86)\Microsoft SQL Server\110\Tools\Binn\ManagementStudio\;C:\Program Files (x86)\Skype\Phone\;C:\Program Files (x86)\Microsoft Team Foundation Server 2012 Power Tools\;C:\Program Files\nodejs\;C:\Program Files\Git\cmd;C:\Program Files (x86)\Java\jre1.8.0_91\bin;C:\Users\VISHal\AppData\Roaming\npm;C:\Program Files\Heroku\bin
10 verbose lifecycle leavemanagementsystem@1.0.0~start: CWD: G:\leaveManagementSystem\backend
11 silly lifecycle leavemanagementsystem@1.0.0~start: Args: [ '/d /s /c', 'node server.js' ]
12 silly lifecycle leavemanagementsystem@1.0.0~start: Returned: code: 1  signal: null
13 info lifecycle leavemanagementsystem@1.0.0~start: Failed to exec start script
14 verbose stack Error: leavemanagementsystem@1.0.0 start: `node server.js`
14 verbose stack Exit status 1
14 verbose stack     at EventEmitter.<anonymous> (C:\Program Files\nodejs\node_modules\npm\lib\utils\lifecycle.js:255:16)
14 verbose stack     at emitTwo (events.js:106:13)
14 verbose stack     at EventEmitter.emit (events.js:191:7)
14 verbose stack     at ChildProcess.<anonymous> (C:\Program Files\nodejs\node_modules\npm\lib\utils\spawn.js:40:14)
14 verbose stack     at emitTwo (events.js:106:13)
14 verbose stack     at ChildProcess.emit (events.js:191:7)
14 verbose stack     at maybeClose (internal/child_process.js:891:16)
14 verbose stack     at Process.ChildProcess._handle.onexit (internal/child_process.js:226:5)
15 verbose pkgid leavemanagementsystem@1.0.0
16 verbose cwd G:\leaveManagementSystem\backend
17 error Windows_NT 6.1.7601
18 error argv "C:\\Program Files\\nodejs\\node.exe" "C:\\Program Files\\nodejs\\node_modules\\npm\\bin\\npm-cli.js" "start"
19 error node v6.11.1
20 error npm  v3.10.10
21 error code ELIFECYCLE
22 error leavemanagementsystem@1.0.0 start: `node server.js`
22 error Exit status 1
23 error Failed at the leavemanagementsystem@1.0.0 start script 'node server.js'.
23 error Make sure you have the latest version of node.js and npm installed.
23 error If you do, this is most likely a problem with the leavemanagementsystem package,
23 error not with npm itself.
23 error Tell the author that this fails on your system:
23 error     node server.js
23 error You can get information on how to open an issue for this project with:
23 error     npm bugs leavemanagementsystem
23 error Or if that isn't available, you can get their info via:
23 error     npm owner ls leavemanagementsystem
23 error There is likely additional logging output above.
24 verbose exit [ 1, true ]
